<?xml version="1.0" encoding="UTF-8"?>
<!-- Generated by org.testng.reporters.JUnitReportReporter -->
<testsuite hostname="LPT312-US" failures="0" tests="3" name="test.day4" time="0.004" errors="0" timestamp="2024-04-03T09:44:08 CDT" skipped="0">
  <testcase classname="test.day4" name="LoginAPIHomeLoan" time="0.002"/>
  <testcase classname="test.day4" name="WebloginHomeLoan" time="0.001"/>
  <testcase classname="test.day4" name="MobileLoginHomeLoan" time="0.001"/>
</testsuite> <!-- test.day4 -->
